<?xml version="1.0" encoding="UTF-8"?>
<!-- Generated by org.testng.reporters.JUnitXMLReporter -->
<testsuite ignored="0" hostname="DESKTOP-MK0SG0N" failures="0" tests="3" name="Default test" time="20.933" errors="0" timestamp="2022-07-03T14:31:02 ICT">
  <testcase classname="automationfc.Topic_02_Login" name="TC_01_LoginPageLayout" time="1.626"/>
  <testcase classname="automationfc.Topic_02_Login" name="TC_02_Loginsuccess" time="2.494"/>
  <testcase classname="automationfc.Topic_02_Login" name="TC_03_LogOutsuccess" time="11.781"/>
</testsuite> <!-- Default test -->
